2024-11-22T19:43:46.065Z [info]: SCENARIO::: Manage Program - Delete Program Validations6afa0d69-61df-451f-919e-25ceaf4345f9
2024-11-22T19:43:53.130Z [info]: AProgramdddActive  
2024-11-22T19:43:53.130Z [info]: AProgramd is present..................
2024-11-22T19:43:53.131Z [info]: Admin clicks on No button
2024-11-22T19:43:58.340Z [info]: Delete Cancel button is clicked successfully...
2024-11-22T19:43:58.342Z [info]: SCENARIO::: Manage Program - Delete Program Validations877c7959-e525-40f2-82c0-5b8c8eb69a99
2024-11-22T19:44:03.404Z [info]: AProgramdddActive  
2024-11-22T19:44:03.405Z [info]: AProgramd is present..................
2024-11-22T19:44:03.407Z [info]: Admin Click on X button
2024-11-22T19:44:08.503Z [info]: Delete Close button is clicked successfully...
2024-11-22T19:44:08.504Z [info]: SCENARIO::: Manage Program - Delete Program Validations65fed903-f00a-4abc-b33c-1dff930cdbd9
2024-11-22T19:44:13.487Z [info]: AProgramdddActive  
2024-11-22T19:44:13.488Z [info]: AProgramd is present..................
2024-11-22T19:44:13.489Z [info]: Admin succesfully deletes the program
2024-11-22T19:44:15.660Z [info]: Delete Yes button is clicked successfully...
2024-11-22T21:25:58.361Z [info]: SCENARIO::: Verify Edit Programe2ad1b5c-31f1-46d4-9034-398519a4660f
2024-11-22T21:28:01.621Z [info]: SCENARIO::: Verify Edit Programa486a0f4-3f8a-4fe7-8e35-56a447887ea1
2024-11-22T21:33:31.604Z [info]: SCENARIO::: Verify Edit Program09c10b3a-4430-44f2-b100-37179d23251b
2024-11-22T21:33:40.184Z [info]: SearchTestOneSearchTestOneActive  
2024-11-22T21:33:40.186Z [info]: SearchTestOne is present..................
